<?xml version="1.0" encoding="UTF-8"?>
<!-- Generated by org.testng.reporters.JUnitReportReporter -->
<testsuite hostname="DESKTOP-8GQ3KA3" failures="0" tests="4" name="com.spotify.testcases.SpotifyTestCase" time="5.086" errors="0" timestamp="2022-07-31T07:28:45 IST" skipped="0">
  <testcase classname="com.spotify.testcases.SpotifyTestCase" name="createPlayList" time="4.265"/>
  <system-out/>
  <testcase classname="com.spotify.testcases.SpotifyTestCase" name="getPlayList" time="0.320"/>
  <system-out/>
  <testcase classname="com.spotify.testcases.SpotifyTestCase" name="updatePlayList" time="0.262"/>
  <system-out/>
  <testcase classname="com.spotify.testcases.SpotifyTestCase" name="notTocreatePlayList" time="0.239"/>
  <system-out/>
</testsuite> <!-- com.spotify.testcases.SpotifyTestCase -->
