<?xml version="1.0" encoding="UTF-8"?>
<!-- Generated by org.testng.reporters.JUnitReportReporter -->
<testsuite hostname="DESKTOP-8GQ3KA3" failures="0" tests="4" name="testcases.SpotifyTestCase" time="5.395" errors="0" timestamp="2022-07-31T06:49:07 IST" skipped="0">
  <testcase classname="testcases.SpotifyTestCase" name="createPlayList" time="4.108"/>
  <system-out/>
  <testcase classname="testcases.SpotifyTestCase" name="getPlayList" time="0.349"/>
  <system-out/>
  <testcase classname="testcases.SpotifyTestCase" name="updatePlayList" time="0.602"/>
  <system-out/>
  <testcase classname="testcases.SpotifyTestCase" name="notTocreatePlayList" time="0.336"/>
  <system-out/>
</testsuite> <!-- testcases.SpotifyTestCase -->
