<?xml version="1.0" encoding="UTF-8"?>
<!-- Generated by org.testng.reporters.JUnitReportReporter -->
<testsuite hostname="DESKTOP-8GQ3KA3" failures="0" tests="4" name="com.spotify.testcases.PlayListTestCase" time="7.756" errors="0" timestamp="2022-07-31T08:28:09 IST" skipped="0">
  <testcase classname="com.spotify.testcases.PlayListTestCase" name="createPlayList" time="6.332"/>
  <system-out/>
  <testcase classname="com.spotify.testcases.PlayListTestCase" name="getPlayList" time="0.626"/>
  <system-out/>
  <testcase classname="com.spotify.testcases.PlayListTestCase" name="updatePlayList" time="0.528"/>
  <system-out/>
  <testcase classname="com.spotify.testcases.PlayListTestCase" name="notTocreatePlayList" time="0.270"/>
  <system-out/>
</testsuite> <!-- com.spotify.testcases.PlayListTestCase -->
